Using pre-set license
Built from '2020.3/release' branch; Version is '2020.3.12f1 (b3b2c6512326) revision 11776710'; Using compiler version '192528614'; Build Type 'Release'
OS: 'Windows 10 Home; OS build 19042.1110; Version 2009; 64bit' Language: 'ko' Physical Memory: 8054 MB
BatchMode: 1, IsHumanControllingUs: 0, StartBugReporterOnCrash: 0, Is64bit: 1, IsPro: 0

 COMMAND LINE ARGUMENTS:
C:\Program Files\Unity\Hub\Editor\2020.3.12f1\Editor\Unity.exe
-adb2
-batchMode
-noUpm
-name
AssetImportWorker0
-projectPath
C:/unity/UnityGuru
-logFile
Logs/AssetImportWorker0.log
-srvPort
57279
Successfully changed project path to: C:/unity/UnityGuru
C:/unity/UnityGuru
Using Asset Import Pipeline V2.
Refreshing native plugins compatible for Editor in 83.66 ms, found 2 plugins.
Preloading 0 native plugins for Editor in 0.00 ms.
Initialize engine version: 2020.3.12f1 (b3b2c6512326)
[Subsystems] Discovering subsystems at path C:/Program Files/Unity/Hub/Editor/2020.3.12f1/Editor/Data/Resources/UnitySubsystems
[Subsystems] Discovering subsystems at path C:/unity/UnityGuru/Assets
GfxDevice: creating device client; threaded=0
Direct3D:
    Version:  Direct3D 11.0 [level 11.1]
    Renderer: NVIDIA GeForce GTX 1050 (ID=0x1c91)
    Vendor:   
    VRAM:     2999 MB
    Driver:   27.21.14.6172
Initialize mono
Mono path[0] = 'C:/Program Files/Unity/Hub/Editor/2020.3.12f1/Editor/Data/Managed'
Mono path[1] = 'C:/Program Files/Unity/Hub/Editor/2020.3.12f1/Editor/Data/MonoBleedingEdge/lib/mono/unityjit'
Mono config path = 'C:/Program Files/Unity/Hub/Editor/2020.3.12f1/Editor/Data/MonoBleedingEdge/etc'
Using monoOptions --debugger-agent=transport=dt_socket,embedding=1,server=y,suspend=n,address=127.0.0.1:56808
Begin MonoManager ReloadAssembly
Registering precompiled unity dll's ...
Register platform support module: C:/Program Files/Unity/Hub/Editor/2020.3.12f1/Editor/Data/PlaybackEngines/WindowsStandaloneSupport/UnityEditor.WindowsStandalone.Extensions.dll
Registered in 0.002521 seconds.
Native extension for WindowsStandalone target not found
Refreshing native plugins compatible for Editor in 51.60 ms, found 2 plugins.
Preloading 0 native plugins for Editor in 0.00 ms.
Mono: successfully reloaded assembly
- Completed reload, in  3.124 seconds
Platform modules already initialized, skipping
Registering precompiled user dll's ...
Registered in 0.005804 seconds.
Begin MonoManager ReloadAssembly
Native extension for WindowsStandalone target not found
Refreshing native plugins compatible for Editor in 0.48 ms, found 2 plugins.
Preloading 0 native plugins for Editor in 0.00 ms.
Mono: successfully reloaded assembly
- Completed reload, in  1.928 seconds
Platform modules already initialized, skipping
========================================================================
Worker process is ready to serve import requests
Launched and connected shader compiler UnityShaderCompiler.exe after 0.11 seconds
Refreshing native plugins compatible for Editor in 0.45 ms, found 2 plugins.
Preloading 0 native plugins for Editor in 0.00 ms.
Unloading 1393 Unused Serialized files (Serialized files now loaded: 0)
System memory in use before: 65.0 MB.
System memory in use after: 65.0 MB.

Unloading 19 unused Assets to reduce memory usage. Loaded Objects now: 1826.
Total: 3.450900 ms (FindLiveObjects: 0.486300 ms CreateObjectMapping: 0.202900 ms MarkObjects: 2.639400 ms  DeleteObjects: 0.120200 ms)

AssetImportParameters requested are different than current active one (requested -> active):
  custom:framework-win-MediaFoundation: 216162199b28c13a410421893ffa2e32 -> 
  custom:video-decoder-ogg-theora: a1e56fd34408186e4bbccfd4996cb3dc -> 
  custom:container-muxer-webm: aa71ff27fc2769a1b78a27578f13a17b -> 
  custom:container-demuxer-webm: 4f35f7cbe854078d1ac9338744f61a02 -> 
  custom:container-demuxer-ogg: 62fdf1f143b41e24485cea50d1cbac27 -> 
  custom:video-encoder-webm-vp8: eb34c28f22e8b96e1ab97ce403110664 -> 
  custom:video-decoder-webm-vp8: 9c59270c3fd7afecdb556c50c9e8de78 -> 
  custom:audio-decoder-ogg-vorbis: bf7c407c2cedff20999df2af8eb42d56 -> 
  custom:audio-encoder-webm-vorbis: bf7c407c2cedff20999df2af8eb42d56 -> 
========================================================================
Received Import Request.
  path: Assets/Scripts/CamRotate.cs
  artifactKey: Guid(703385bf9c45b4d46a8a883ea0c31174) Importer(815301076,1909f56bfc062723c751e8b465ee728b)
Start importing Assets/Scripts/CamRotate.cs using Guid(703385bf9c45b4d46a8a883ea0c31174) Importer(815301076,1909f56bfc062723c751e8b465ee728b)  -> (artifact id: '0bc478c5da6a38464457aa29eb342be3') in 0.045272 seconds 
  Import took 0.050239 seconds .

========================================================================
Received Import Request.
  Time since last request: 67.828021 seconds.
  path: Assets/Scripts/CamRotate.cs
  artifactKey: Guid(703385bf9c45b4d46a8a883ea0c31174) Importer(815301076,1909f56bfc062723c751e8b465ee728b)
Start importing Assets/Scripts/CamRotate.cs using Guid(703385bf9c45b4d46a8a883ea0c31174) Importer(815301076,1909f56bfc062723c751e8b465ee728b)  -> (artifact id: 'e98ff833880c6290294e9707506ff213') in 0.004272 seconds 
  Import took 0.009166 seconds .

========================================================================
Received Import Request.
  Time since last request: 15.951367 seconds.
  path: Assets/Scripts/CamRotate.cs
  artifactKey: Guid(703385bf9c45b4d46a8a883ea0c31174) Importer(815301076,1909f56bfc062723c751e8b465ee728b)
Start importing Assets/Scripts/CamRotate.cs using Guid(703385bf9c45b4d46a8a883ea0c31174) Importer(815301076,1909f56bfc062723c751e8b465ee728b)  -> (artifact id: 'ef73d37ab4f4cac8496ea33a7141c125') in 0.003891 seconds 
  Import took 0.008840 seconds .

========================================================================
Received Prepare
Registering precompiled user dll's ...
Registered in 0.007070 seconds.
Begin MonoManager ReloadAssembly
Native extension for WindowsStandalone target not found
Refreshing native plugins compatible for Editor in 0.46 ms, found 2 plugins.
Preloading 0 native plugins for Editor in 0.00 ms.
Mono: successfully reloaded assembly
- Completed reload, in  1.557 seconds
Platform modules already initialized, skipping
Refreshing native plugins compatible for Editor in 0.43 ms, found 2 plugins.
Preloading 0 native plugins for Editor in 0.00 ms.
Unloading 1388 Unused Serialized files (Serialized files now loaded: 0)
System memory in use before: 64.9 MB.
System memory in use after: 65.0 MB.

Unloading 14 unused Assets to reduce memory usage. Loaded Objects now: 1829.
Total: 2.711900 ms (FindLiveObjects: 0.258500 ms CreateObjectMapping: 0.081600 ms MarkObjects: 2.301100 ms  DeleteObjects: 0.069000 ms)

AssetImportParameters requested are different than current active one (requested -> active):
  custom:framework-win-MediaFoundation: 216162199b28c13a410421893ffa2e32 -> 
  custom:video-decoder-ogg-theora: a1e56fd34408186e4bbccfd4996cb3dc -> 
  custom:container-muxer-webm: aa71ff27fc2769a1b78a27578f13a17b -> 
  custom:container-demuxer-webm: 4f35f7cbe854078d1ac9338744f61a02 -> 
  custom:container-demuxer-ogg: 62fdf1f143b41e24485cea50d1cbac27 -> 
  custom:video-encoder-webm-vp8: eb34c28f22e8b96e1ab97ce403110664 -> 
  custom:video-decoder-webm-vp8: 9c59270c3fd7afecdb556c50c9e8de78 -> 
  custom:audio-decoder-ogg-vorbis: bf7c407c2cedff20999df2af8eb42d56 -> 
  custom:audio-encoder-webm-vorbis: bf7c407c2cedff20999df2af8eb42d56 -> 
========================================================================
Received Import Request.
  Time since last request: 52.016722 seconds.
  path: Assets/Scripts/PlayerFire.cs
  artifactKey: Guid(34efbe6aa901e7448b6ee6d58aab0819) Importer(815301076,1909f56bfc062723c751e8b465ee728b)
Start importing Assets/Scripts/PlayerFire.cs using Guid(34efbe6aa901e7448b6ee6d58aab0819) Importer(815301076,1909f56bfc062723c751e8b465ee728b)  -> (artifact id: '7d41a400e164431a823485bedc073985') in 0.015778 seconds 
  Import took 0.019567 seconds .

========================================================================
Received Prepare
Registering precompiled user dll's ...
Registered in 0.007187 seconds.
Begin MonoManager ReloadAssembly
Native extension for WindowsStandalone target not found
Refreshing native plugins compatible for Editor in 0.53 ms, found 2 plugins.
Preloading 0 native plugins for Editor in 0.00 ms.
Mono: successfully reloaded assembly
- Completed reload, in  1.993 seconds
Platform modules already initialized, skipping
Refreshing native plugins compatible for Editor in 0.44 ms, found 2 plugins.
Preloading 0 native plugins for Editor in 0.00 ms.
Unloading 1388 Unused Serialized files (Serialized files now loaded: 0)
System memory in use before: 65.0 MB.
System memory in use after: 65.0 MB.

Unloading 14 unused Assets to reduce memory usage. Loaded Objects now: 1832.
Total: 2.617300 ms (FindLiveObjects: 0.220300 ms CreateObjectMapping: 0.075300 ms MarkObjects: 2.254500 ms  DeleteObjects: 0.065800 ms)

AssetImportParameters requested are different than current active one (requested -> active):
  custom:framework-win-MediaFoundation: 216162199b28c13a410421893ffa2e32 -> 
  custom:video-decoder-ogg-theora: a1e56fd34408186e4bbccfd4996cb3dc -> 
  custom:container-muxer-webm: aa71ff27fc2769a1b78a27578f13a17b -> 
  custom:container-demuxer-webm: 4f35f7cbe854078d1ac9338744f61a02 -> 
  custom:container-demuxer-ogg: 62fdf1f143b41e24485cea50d1cbac27 -> 
  custom:video-encoder-webm-vp8: eb34c28f22e8b96e1ab97ce403110664 -> 
  custom:video-decoder-webm-vp8: 9c59270c3fd7afecdb556c50c9e8de78 -> 
  custom:audio-decoder-ogg-vorbis: bf7c407c2cedff20999df2af8eb42d56 -> 
  custom:audio-encoder-webm-vorbis: bf7c407c2cedff20999df2af8eb42d56 -> 
========================================================================
Received Import Request.
  Time since last request: 41.491481 seconds.
  path: Assets/Villain1/cap.prefab
  artifactKey: Guid(fbd45f036a893ba43b73e1449e346364) Importer(815301076,1909f56bfc062723c751e8b465ee728b)
Start importing Assets/Villain1/cap.prefab using Guid(fbd45f036a893ba43b73e1449e346364) Importer(815301076,1909f56bfc062723c751e8b465ee728b)  -> (artifact id: 'f7a9bf400959bac4d9f0c335c6bca58b') in 0.245322 seconds 
  Import took 0.250907 seconds .

========================================================================
Received Import Request.
  Time since last request: 3.924207 seconds.
  path: Assets/Villain1/Prefabs
  artifactKey: Guid(ad2f6cb76bc09c84aa994bff994d82b9) Importer(815301076,1909f56bfc062723c751e8b465ee728b)
Start importing Assets/Villain1/Prefabs using Guid(ad2f6cb76bc09c84aa994bff994d82b9) Importer(815301076,1909f56bfc062723c751e8b465ee728b)  -> (artifact id: '39bf31b8a57756040698a998c7286667') in 0.013978 seconds 
  Import took 0.018918 seconds .

========================================================================
Received Import Request.
  Time since last request: 0.000443 seconds.
  path: Assets/Villain1/Prefabs
  artifactKey: Guid(ad2f6cb76bc09c84aa994bff994d82b9) Importer(815301076,1909f56bfc062723c751e8b465ee728b)
Start importing Assets/Villain1/Prefabs using Guid(ad2f6cb76bc09c84aa994bff994d82b9) Importer(815301076,1909f56bfc062723c751e8b465ee728b)  -> (artifact id: '39bf31b8a57756040698a998c7286667') in 0.004991 seconds 
  Import took 0.009063 seconds .

========================================================================
Received Import Request.
  Time since last request: 0.893604 seconds.
  path: Assets/Villain1/Prefabs/cap.prefab
  artifactKey: Guid(5d02a73b9cebe3949b1b1ed8dd113972) Importer(815301076,1909f56bfc062723c751e8b465ee728b)
Start importing Assets/Villain1/Prefabs/cap.prefab using Guid(5d02a73b9cebe3949b1b1ed8dd113972) Importer(815301076,1909f56bfc062723c751e8b465ee728b)  -> (artifact id: '3eb5055f8f77da10459a9d917a5aa925') in 0.045992 seconds 
  Import took 0.050245 seconds .

========================================================================
Received Import Request.
  Time since last request: 0.000384 seconds.
  path: Assets/Villain1/Prefabs/Villain01 1.prefab
  artifactKey: Guid(7d7d3bb824be0274b961da25c1d043a1) Importer(815301076,1909f56bfc062723c751e8b465ee728b)
Start importing Assets/Villain1/Prefabs/Villain01 1.prefab using Guid(7d7d3bb824be0274b961da25c1d043a1) Importer(815301076,1909f56bfc062723c751e8b465ee728b)  -> (artifact id: 'cc646a783b3141ba82ebb6a83eef8d8b') in 0.093052 seconds 
  Import took 0.098185 seconds .

========================================================================
Received Import Request.
  Time since last request: 0.000360 seconds.
  path: Assets/Villain1/Prefabs/mask2.prefab
  artifactKey: Guid(fbd9d18e045507d43a4020b406a10a84) Importer(815301076,1909f56bfc062723c751e8b465ee728b)
Start importing Assets/Villain1/Prefabs/mask2.prefab using Guid(fbd9d18e045507d43a4020b406a10a84) Importer(815301076,1909f56bfc062723c751e8b465ee728b)  -> (artifact id: '1c7a2bfc67f62c62155321d1835dd6bf') in 0.027113 seconds 
  Import took 0.031829 seconds .

========================================================================
Received Import Request.
  Time since last request: 0.000302 seconds.
  path: Assets/Villain1/Prefabs/Villain01 (1).prefab
  artifactKey: Guid(64c340851ff31ae4aad4ff79b109ca4e) Importer(815301076,1909f56bfc062723c751e8b465ee728b)
Start importing Assets/Villain1/Prefabs/Villain01 (1).prefab using Guid(64c340851ff31ae4aad4ff79b109ca4e) Importer(815301076,1909f56bfc062723c751e8b465ee728b)  -> (artifact id: '64da8a3a189c9f0429979ba4387b4767') in 0.050789 seconds 
  Import took 0.056147 seconds .

========================================================================
Received Import Request.
  Time since last request: 0.000300 seconds.
  path: Assets/Villain1/Prefabs/Villain01 Variant 1.prefab
  artifactKey: Guid(29cf98a374f1db445a4cac4311c4168e) Importer(815301076,1909f56bfc062723c751e8b465ee728b)
Start importing Assets/Villain1/Prefabs/Villain01 Variant 1.prefab using Guid(29cf98a374f1db445a4cac4311c4168e) Importer(815301076,1909f56bfc062723c751e8b465ee728b)  -> (artifact id: '68397e90182cee26136ef37a55fac6e0') in 0.055836 seconds 
  Import took 0.061014 seconds .

========================================================================
Received Import Request.
  Time since last request: 55.077396 seconds.
  path: Assets/Player_Hero/Palyer.prefab
  artifactKey: Guid(671416b440fa0ea4cac8d073b694f2c7) Importer(815301076,1909f56bfc062723c751e8b465ee728b)
Start importing Assets/Player_Hero/Palyer.prefab using Guid(671416b440fa0ea4cac8d073b694f2c7) Importer(815301076,1909f56bfc062723c751e8b465ee728b)  -> (artifact id: 'd694e00aa6b6b1230fa42d592cd28765') in 0.053310 seconds 
  Import took 0.060416 seconds .

========================================================================
Received Import Request.
  Time since last request: 81.467793 seconds.
  path: Assets/Prefabs/Villain2/Prefabs
  artifactKey: Guid(b2b341d2f28b1774a83eb9c531c0aa99) Importer(815301076,1909f56bfc062723c751e8b465ee728b)
Start importing Assets/Prefabs/Villain2/Prefabs using Guid(b2b341d2f28b1774a83eb9c531c0aa99) Importer(815301076,1909f56bfc062723c751e8b465ee728b)  -> (artifact id: 'c58b91763d5452eeb430191bba643492') in 0.004388 seconds 
  Import took 0.009950 seconds .

========================================================================
Received Import Request.
  Time since last request: 0.003518 seconds.
  path: Assets/Prefabs/Villain2/Prefabs
  artifactKey: Guid(b2b341d2f28b1774a83eb9c531c0aa99) Importer(815301076,1909f56bfc062723c751e8b465ee728b)
Start importing Assets/Prefabs/Villain2/Prefabs using Guid(b2b341d2f28b1774a83eb9c531c0aa99) Importer(815301076,1909f56bfc062723c751e8b465ee728b)  -> (artifact id: 'c58b91763d5452eeb430191bba643492') in 0.004230 seconds 
  Import took 0.008044 seconds .

========================================================================
Received Import Request.
  Time since last request: 0.053037 seconds.
  path: Assets/Prefabs/Villain2/Prefabs/mask2 (2).prefab
  artifactKey: Guid(3e36dbcf44144cb458b2d1fe56085bff) Importer(815301076,1909f56bfc062723c751e8b465ee728b)
Start importing Assets/Prefabs/Villain2/Prefabs/mask2 (2).prefab using Guid(3e36dbcf44144cb458b2d1fe56085bff) Importer(815301076,1909f56bfc062723c751e8b465ee728b)  -> (artifact id: '74c123fd01058ae551a188f5baf9b561') in 0.028701 seconds 
  Import took 0.034441 seconds .

========================================================================
Received Import Request.
  Time since last request: 0.001286 seconds.
  path: Assets/Prefabs/Villain2/Prefabs/Villain02.prefab
  artifactKey: Guid(9ff68c13964924a44b30d26afeec65af) Importer(815301076,1909f56bfc062723c751e8b465ee728b)
Start importing Assets/Prefabs/Villain2/Prefabs/Villain02.prefab using Guid(9ff68c13964924a44b30d26afeec65af) Importer(815301076,1909f56bfc062723c751e8b465ee728b)  -> (artifact id: '2a9713e863af2f96ae109a0616cab7f3') in 0.051645 seconds 
  Import took 0.057736 seconds .

========================================================================
Received Import Request.
  Time since last request: 0.000596 seconds.
  path: Assets/Prefabs/Villain2/Prefabs/sketchfab_preview.prefab
  artifactKey: Guid(e4ac04d28ae131541b5d8d2ad13a6649) Importer(815301076,1909f56bfc062723c751e8b465ee728b)
Start importing Assets/Prefabs/Villain2/Prefabs/sketchfab_preview.prefab using Guid(e4ac04d28ae131541b5d8d2ad13a6649) Importer(815301076,1909f56bfc062723c751e8b465ee728b)  -> (artifact id: '50622442658f01bd8304fbc71e805a8b') in 0.023535 seconds 
  Import took 0.028852 seconds .

========================================================================
Received Prepare
Registering precompiled user dll's ...
Registered in 0.007558 seconds.
Begin MonoManager ReloadAssembly
Native extension for WindowsStandalone target not found
Refreshing native plugins compatible for Editor in 0.61 ms, found 2 plugins.
Preloading 0 native plugins for Editor in 0.00 ms.
Mono: successfully reloaded assembly
- Completed reload, in  1.541 seconds
Platform modules already initialized, skipping
Refreshing native plugins compatible for Editor in 0.68 ms, found 2 plugins.
Preloading 0 native plugins for Editor in 0.00 ms.
Unloading 1388 Unused Serialized files (Serialized files now loaded: 0)
System memory in use before: 81.7 MB.
System memory in use after: 81.8 MB.

Unloading 14 unused Assets to reduce memory usage. Loaded Objects now: 1843.
Total: 3.523000 ms (FindLiveObjects: 0.246500 ms CreateObjectMapping: 0.087800 ms MarkObjects: 3.114500 ms  DeleteObjects: 0.072800 ms)

AssetImportParameters requested are different than current active one (requested -> active):
  custom:framework-win-MediaFoundation: 216162199b28c13a410421893ffa2e32 -> 
  custom:video-decoder-ogg-theora: a1e56fd34408186e4bbccfd4996cb3dc -> 
  custom:container-muxer-webm: aa71ff27fc2769a1b78a27578f13a17b -> 
  custom:container-demuxer-webm: 4f35f7cbe854078d1ac9338744f61a02 -> 
  custom:container-demuxer-ogg: 62fdf1f143b41e24485cea50d1cbac27 -> 
  custom:video-encoder-webm-vp8: eb34c28f22e8b96e1ab97ce403110664 -> 
  custom:video-decoder-webm-vp8: 9c59270c3fd7afecdb556c50c9e8de78 -> 
  custom:audio-decoder-ogg-vorbis: bf7c407c2cedff20999df2af8eb42d56 -> 
  custom:audio-encoder-webm-vorbis: bf7c407c2cedff20999df2af8eb42d56 -> 
AssetImportWorkerClient::OnTransportError - code=2 error=End of file
