Using pre-set license
Built from '2020.3/release' branch; Version is '2020.3.12f1 (b3b2c6512326) revision 11776710'; Using compiler version '192528614'; Build Type 'Release'
OS: 'Windows 10 Pro; OS build 19042.1110; Version 2009; 64bit' Language: 'ko' Physical Memory: 16202 MB
BatchMode: 1, IsHumanControllingUs: 0, StartBugReporterOnCrash: 0, Is64bit: 1, IsPro: 0

 COMMAND LINE ARGUMENTS:
C:\Program Files\Unity\Editor\Unity.exe
-adb2
-batchMode
-noUpm
-name
AssetImportWorker0
-projectPath
C:/Users/허지영/guru_1
-logFile
Logs/AssetImportWorker0.log
-srvPort
60426
Successfully changed project path to: C:/Users/허지영/guru_1
C:/Users/허지영/guru_1
Using Asset Import Pipeline V2.
Refreshing native plugins compatible for Editor in 28.69 ms, found 2 plugins.
Preloading 0 native plugins for Editor in 0.00 ms.
Initialize engine version: 2020.3.12f1 (b3b2c6512326)
[Subsystems] Discovering subsystems at path C:/Program Files/Unity/Editor/Data/Resources/UnitySubsystems
[Subsystems] Discovering subsystems at path C:/Users/허지영/guru_1/Assets
GfxDevice: creating device client; threaded=0
Direct3D:
    Version:  Direct3D 11.0 [level 11.1]
    Renderer: NVIDIA GeForce RTX 3060 Laptop GPU (ID=0x2520)
    Vendor:   
    VRAM:     6023 MB
    Driver:   27.21.14.6140
Initialize mono
Mono path[0] = 'C:/Program Files/Unity/Editor/Data/Managed'
Mono path[1] = 'C:/Program Files/Unity/Editor/Data/MonoBleedingEdge/lib/mono/unityjit'
Mono config path = 'C:/Program Files/Unity/Editor/Data/MonoBleedingEdge/etc'
Using monoOptions --debugger-agent=transport=dt_socket,embedding=1,server=y,suspend=n,address=127.0.0.1:56544
Begin MonoManager ReloadAssembly
Registering precompiled unity dll's ...
Register platform support module: C:/Program Files/Unity/Editor/Data/PlaybackEngines/WindowsStandaloneSupport/UnityEditor.WindowsStandalone.Extensions.dll
Registered in 0.003767 seconds.
Native extension for WindowsStandalone target not found
Refreshing native plugins compatible for Editor in 26.10 ms, found 2 plugins.
Preloading 0 native plugins for Editor in 0.00 ms.
Mono: successfully reloaded assembly
- Completed reload, in  0.792 seconds
Platform modules already initialized, skipping
Registering precompiled user dll's ...
Registered in 0.006131 seconds.
Begin MonoManager ReloadAssembly
Native extension for WindowsStandalone target not found
Refreshing native plugins compatible for Editor in 0.30 ms, found 2 plugins.
Preloading 0 native plugins for Editor in 0.00 ms.
Mono: successfully reloaded assembly
- Completed reload, in  0.887 seconds
Platform modules already initialized, skipping
========================================================================
Worker process is ready to serve import requests
Launched and connected shader compiler UnityShaderCompiler.exe after 0.03 seconds
Refreshing native plugins compatible for Editor in 0.31 ms, found 2 plugins.
Preloading 0 native plugins for Editor in 0.00 ms.
Unloading 1410 Unused Serialized files (Serialized files now loaded: 0)
System memory in use before: 67.4 MB.
System memory in use after: 67.4 MB.

Unloading 20 unused Assets to reduce memory usage. Loaded Objects now: 1848.
Total: 1.676200 ms (FindLiveObjects: 0.125600 ms CreateObjectMapping: 0.033100 ms MarkObjects: 1.424900 ms  DeleteObjects: 0.091800 ms)

AssetImportParameters requested are different than current active one (requested -> active):
  custom:framework-win-MediaFoundation: 216162199b28c13a410421893ffa2e32 -> 
  custom:video-decoder-ogg-theora: a1e56fd34408186e4bbccfd4996cb3dc -> 
  custom:container-muxer-webm: aa71ff27fc2769a1b78a27578f13a17b -> 
  custom:container-demuxer-webm: 4f35f7cbe854078d1ac9338744f61a02 -> 
  custom:container-demuxer-ogg: 62fdf1f143b41e24485cea50d1cbac27 -> 
  custom:video-encoder-webm-vp8: eb34c28f22e8b96e1ab97ce403110664 -> 
  custom:video-decoder-webm-vp8: 9c59270c3fd7afecdb556c50c9e8de78 -> 
  custom:audio-decoder-ogg-vorbis: bf7c407c2cedff20999df2af8eb42d56 -> 
  custom:audio-encoder-webm-vorbis: bf7c407c2cedff20999df2af8eb42d56 -> 
========================================================================
Received Import Request.
  path: Assets/Tiny_Toony_City_Demo/Map_re.unity
  artifactKey: Guid(b6bc9c7d03863914785729934248dc2f) Importer(815301076,1909f56bfc062723c751e8b465ee728b)
Start importing Assets/Tiny_Toony_City_Demo/Map_re.unity using Guid(b6bc9c7d03863914785729934248dc2f) Importer(815301076,1909f56bfc062723c751e8b465ee728b)  -> (artifact id: '705fe51216855c591abda8744545bc94') in 0.010471 seconds 
  Import took 0.012169 seconds .

========================================================================
Received Prepare
Refreshing native plugins compatible for Editor in 4.59 ms, found 2 plugins.
Preloading 0 native plugins for Editor in 0.00 ms.
Unloading 13 Unused Serialized files (Serialized files now loaded: 0)
System memory in use before: 39.4 MB.
System memory in use after: 39.5 MB.

Unloading 13 unused Assets to reduce memory usage. Loaded Objects now: 1848.
Total: 1.793500 ms (FindLiveObjects: 0.128000 ms CreateObjectMapping: 0.037200 ms MarkObjects: 1.582300 ms  DeleteObjects: 0.045200 ms)

AssetImportParameters requested are different than current active one (requested -> active):
  custom:framework-win-MediaFoundation: 216162199b28c13a410421893ffa2e32 -> 
  custom:video-decoder-ogg-theora: a1e56fd34408186e4bbccfd4996cb3dc -> 
  custom:container-muxer-webm: aa71ff27fc2769a1b78a27578f13a17b -> 
  custom:container-demuxer-webm: 4f35f7cbe854078d1ac9338744f61a02 -> 
  custom:container-demuxer-ogg: 62fdf1f143b41e24485cea50d1cbac27 -> 
  custom:video-encoder-webm-vp8: eb34c28f22e8b96e1ab97ce403110664 -> 
  custom:video-decoder-webm-vp8: 9c59270c3fd7afecdb556c50c9e8de78 -> 
  custom:audio-decoder-ogg-vorbis: bf7c407c2cedff20999df2af8eb42d56 -> 
  custom:audio-encoder-webm-vorbis: bf7c407c2cedff20999df2af8eb42d56 -> 
========================================================================
Received Import Request.
  Time since last request: 28.470752 seconds.
  path: Assets/prefab/Unity-Guru1-main
  artifactKey: Guid(8443dde13eceeb4488df6536f6605fd8) Importer(815301076,1909f56bfc062723c751e8b465ee728b)
Start importing Assets/prefab/Unity-Guru1-main using Guid(8443dde13eceeb4488df6536f6605fd8) Importer(815301076,1909f56bfc062723c751e8b465ee728b)  -> (artifact id: 'e0b9b0e0c6478e91829193f762325e83') in 0.003036 seconds 
  Import took 0.005416 seconds .

========================================================================
Received Import Request.
  Time since last request: 0.955466 seconds.
  path: Assets/prefab/Unity-Guru1-main/Unity-Guru1-main
  artifactKey: Guid(2ae59876bd16b3446be6ae161b75b740) Importer(815301076,1909f56bfc062723c751e8b465ee728b)
Start importing Assets/prefab/Unity-Guru1-main/Unity-Guru1-main using Guid(2ae59876bd16b3446be6ae161b75b740) Importer(815301076,1909f56bfc062723c751e8b465ee728b)  -> (artifact id: 'cfc16a89eb991691e214a4f87f18988f') in 0.003264 seconds 
  Import took 0.005767 seconds .

========================================================================
Received Import Request.
  Time since last request: 1.234877 seconds.
  path: Assets/prefab/Unity-Guru1-main/Unity-Guru1-main/RPGMonsterPartnersPBRPolyart
  artifactKey: Guid(2fc6a0017fc29de4ab2a4540a5f041b5) Importer(815301076,1909f56bfc062723c751e8b465ee728b)
Start importing Assets/prefab/Unity-Guru1-main/Unity-Guru1-main/RPGMonsterPartnersPBRPolyart using Guid(2fc6a0017fc29de4ab2a4540a5f041b5) Importer(815301076,1909f56bfc062723c751e8b465ee728b)  -> (artifact id: '9c23820b0ba46227037390a704e57af7') in 0.003198 seconds 
  Import took 0.005572 seconds .

========================================================================
Received Import Request.
  Time since last request: 3.105414 seconds.
  path: Assets/prefab/Unity-Guru1-main/Unity-Guru1-main/RPGMonsterPartnersPBRPolyart/Prefabs
  artifactKey: Guid(b702a64284d699f42afb537b8b84c032) Importer(815301076,1909f56bfc062723c751e8b465ee728b)
Start importing Assets/prefab/Unity-Guru1-main/Unity-Guru1-main/RPGMonsterPartnersPBRPolyart/Prefabs using Guid(b702a64284d699f42afb537b8b84c032) Importer(815301076,1909f56bfc062723c751e8b465ee728b)  -> (artifact id: '0b5038ce27e15e62c88afedb614bbd9c') in 0.002735 seconds 
  Import took 0.005194 seconds .

========================================================================
Received Import Request.
  Time since last request: 0.086658 seconds.
  path: Assets/prefab/Unity-Guru1-main/Unity-Guru1-main/RPGMonsterPartnersPBRPolyart/Prefabs/BeholderPBR.prefab
  artifactKey: Guid(9e6401f8e2320e54797a680db42d218f) Importer(815301076,1909f56bfc062723c751e8b465ee728b)
Start importing Assets/prefab/Unity-Guru1-main/Unity-Guru1-main/RPGMonsterPartnersPBRPolyart/Prefabs/BeholderPBR.prefab using Guid(9e6401f8e2320e54797a680db42d218f) Importer(815301076,1909f56bfc062723c751e8b465ee728b)  -> (artifact id: '7e3a6ff5e837f32d47e344a4757de043') in 0.120145 seconds 
  Import took 0.123399 seconds .

========================================================================
Received Import Request.
  Time since last request: 17.485422 seconds.
  path: Assets/Scenes/MainScene.unity
  artifactKey: Guid(9fc0d4010bbf28b4594072e72b8655ab) Importer(815301076,1909f56bfc062723c751e8b465ee728b)
Start importing Assets/Scenes/MainScene.unity using Guid(9fc0d4010bbf28b4594072e72b8655ab) Importer(815301076,1909f56bfc062723c751e8b465ee728b)  -> (artifact id: '6e6ec2131993461782c8b0023e478072') in 0.002641 seconds 
  Import took 0.005091 seconds .

========================================================================
Received Import Request.
  Time since last request: 10.658649 seconds.
  path: Assets/Scenes/Map.unitypackage
  artifactKey: Guid(6c7a7baf3afaa4f49966377eeeff6ba7) Importer(815301076,1909f56bfc062723c751e8b465ee728b)
Start importing Assets/Scenes/Map.unitypackage using Guid(6c7a7baf3afaa4f49966377eeeff6ba7) Importer(815301076,1909f56bfc062723c751e8b465ee728b)  -> (artifact id: 'd9f21fae44afca4b85bdcdf494fd2db3') in 0.005627 seconds 
  Import took 0.008391 seconds .

========================================================================
Received Import Request.
  Time since last request: 0.001272 seconds.
  path: Assets/Scenes/Map.unitypackage
  artifactKey: Guid(6c7a7baf3afaa4f49966377eeeff6ba7) Importer(815301076,1909f56bfc062723c751e8b465ee728b)
Start importing Assets/Scenes/Map.unitypackage using Guid(6c7a7baf3afaa4f49966377eeeff6ba7) Importer(815301076,1909f56bfc062723c751e8b465ee728b)  -> (artifact id: 'd9f21fae44afca4b85bdcdf494fd2db3') in 0.002586 seconds 
  Import took 0.005059 seconds .

========================================================================
Received Import Request.
  Time since last request: 25.990020 seconds.
  path: Assets/Materials/Villain.mat
  artifactKey: Guid(e62bc94c6f10bce47afc127649a0f46a) Importer(815301076,1909f56bfc062723c751e8b465ee728b)
Start importing Assets/Materials/Villain.mat using Guid(e62bc94c6f10bce47afc127649a0f46a) Importer(815301076,1909f56bfc062723c751e8b465ee728b)  -> (artifact id: '54fac8d4861d9760cfb68871838a3745') in 0.029969 seconds 
  Import took 0.032515 seconds .

========================================================================
Received Import Request.
  Time since last request: 0.564007 seconds.
  path: Assets/Player_Hero_re/common_people@idle@Pistol Walk (1).fbx
  artifactKey: Guid(b740423570776b5448c74c3833baa7fa) Importer(815301076,1909f56bfc062723c751e8b465ee728b)
Start importing Assets/Player_Hero_re/common_people@idle@Pistol Walk (1).fbx using Guid(b740423570776b5448c74c3833baa7fa) Importer(815301076,1909f56bfc062723c751e8b465ee728b)  -> (artifact id: '771dae869160e0598896e5fb5f4012a5') in 0.034954 seconds 
  Import took 0.037157 seconds .

========================================================================
Received Import Request.
  Time since last request: 0.000190 seconds.
  path: Assets/Player_Hero_re/Player.prefab
  artifactKey: Guid(ce20995753a1c5c47a98c22048083e83) Importer(815301076,1909f56bfc062723c751e8b465ee728b)
Start importing Assets/Player_Hero_re/Player.prefab using Guid(ce20995753a1c5c47a98c22048083e83) Importer(815301076,1909f56bfc062723c751e8b465ee728b)  -> (artifact id: 'be3acd0ae54b26d840e38bdb2f229c79') in 0.042541 seconds 
  Import took 0.044958 seconds .

========================================================================
Received Prepare
Registering precompiled user dll's ...
Registered in 0.006181 seconds.
Begin MonoManager ReloadAssembly
Native extension for WindowsStandalone target not found
Refreshing native plugins compatible for Editor in 0.30 ms, found 2 plugins.
Preloading 0 native plugins for Editor in 0.00 ms.
Mono: successfully reloaded assembly
- Completed reload, in  0.811 seconds
Platform modules already initialized, skipping
Refreshing native plugins compatible for Editor in 0.33 ms, found 2 plugins.
Preloading 0 native plugins for Editor in 0.00 ms.
Unloading 1403 Unused Serialized files (Serialized files now loaded: 0)
System memory in use before: 84.9 MB.
System memory in use after: 85.0 MB.

Unloading 16 unused Assets to reduce memory usage. Loaded Objects now: 1898.
Total: 1.472300 ms (FindLiveObjects: 0.118400 ms CreateObjectMapping: 0.038200 ms MarkObjects: 1.274000 ms  DeleteObjects: 0.041100 ms)

AssetImportParameters requested are different than current active one (requested -> active):
  custom:framework-win-MediaFoundation: 216162199b28c13a410421893ffa2e32 -> 
  custom:video-decoder-ogg-theora: a1e56fd34408186e4bbccfd4996cb3dc -> 
  custom:container-muxer-webm: aa71ff27fc2769a1b78a27578f13a17b -> 
  custom:container-demuxer-webm: 4f35f7cbe854078d1ac9338744f61a02 -> 
  custom:container-demuxer-ogg: 62fdf1f143b41e24485cea50d1cbac27 -> 
  custom:video-encoder-webm-vp8: eb34c28f22e8b96e1ab97ce403110664 -> 
  custom:video-decoder-webm-vp8: 9c59270c3fd7afecdb556c50c9e8de78 -> 
  custom:audio-decoder-ogg-vorbis: bf7c407c2cedff20999df2af8eb42d56 -> 
  custom:audio-encoder-webm-vorbis: bf7c407c2cedff20999df2af8eb42d56 -> 
AssetImportWorkerClient::OnTransportError - code=2 error=End of file
